<?xml version="1.0" encoding="UTF-8"?>
<!-- Generated by org.testng.reporters.JUnitXMLReporter -->
<testsuite hostname="DESKTOP-FSKR1IR" ignored="0" name="Test" tests="1" failures="1" timestamp="23 Mar 2019 06:37:32 GMT" time="4.086" errors="0">
  <testcase name="validateCreateCustomerAPIWithValidData" time="3.702" classname="com.w2a.API_Batch3.testCases.TestCustomerAPI">
    <failure type="java.lang.AssertionError" message="expected [Created] but found [HTTP/1.1 200 OK]">
      <![CDATA[java.lang.AssertionError: expected [Created] but found [HTTP/1.1 200 OK]
at com.w2a.API_Batch3.testCases.TestCustomerAPI.validateCreateCustomerAPIWithValidData(TestCustomerAPI.java:35)
... Removed 31 stack frames]]>
    </failure>
  </testcase> <!-- validateCreateCustomerAPIWithValidData -->
</testsuite> <!-- Test -->
