<?xml version="1.0" encoding="UTF-8"?>
<!-- Generated by org.testng.reporters.JUnitXMLReporter -->
<testsuite hostname="DESKTOP-FSKR1IR" ignored="0" name="Test" tests="3" failures="0" timestamp="31 Mar 2019 04:52:57 GMT" time="4.914" errors="0">
  <testcase name="validateCreateUserAPIWithValidData" time="2.769" classname="com.w2a.API_Batch3.testCases.TestCreateUserAPI"/>
  <testcase name="validateCreateUserAPIWithValidData" time="0.832" classname="com.w2a.API_Batch3.testCases.TestCreateUserAPI"/>
  <testcase name="validateCreateUserAPIWithValidData" time="0.823" classname="com.w2a.API_Batch3.testCases.TestCreateUserAPI"/>
</testsuite> <!-- Test -->
