<?xml version="1.0" encoding="UTF-8"?>
<!-- Generated by org.testng.reporters.JUnitXMLReporter -->
<testsuite hostname="DESKTOP-FSKR1IR" ignored="0" name="Test" tests="3" failures="0" timestamp="30 Mar 2019 06:02:38 GMT" time="4.734" errors="0">
  <testcase name="validateCreateUserAPIWithValidData" time="2.74" classname="com.w2a.API_Batch3.testCases.TestCreateUserAPI"/>
  <testcase name="validateCreateUserAPIWithValidData" time="0.642" classname="com.w2a.API_Batch3.testCases.TestCreateUserAPI"/>
  <testcase name="validateCreateUserAPIWithValidData" time="0.835" classname="com.w2a.API_Batch3.testCases.TestCreateUserAPI"/>
</testsuite> <!-- Test -->
