<?xml version="1.0" encoding="UTF-8"?>
<testng-results skipped="0" failed="0" ignored="0" total="3" passed="3">
  <reporter-output>
  </reporter-output>
  <suite name="Suite" duration-ms="4914" started-at="2019-03-31T04:52:52Z" finished-at="2019-03-31T04:52:57Z">
    <groups>
    </groups>
    <test name="Test" duration-ms="4914" started-at="2019-03-31T04:52:52Z" finished-at="2019-03-31T04:52:57Z">
      <class name="com.w2a.API_Batch3.testCases.TestCreateUserAPI">
        <test-method status="PASS" signature="beforeSuite()[pri:0, instance:com.w2a.API_Batch3.testCases.TestCreateUserAPI@37918c79]" name="beforeSuite" is-config="true" duration-ms="638" started-at="2019-03-31T04:52:51Z" finished-at="2019-03-31T04:52:52Z">
          <reporter-output>
          </reporter-output>
        </test-method> <!-- beforeSuite -->
        <test-method status="PASS" signature="beforeClass()[pri:0, instance:com.w2a.API_Batch3.testCases.TestCreateUserAPI@37918c79]" name="beforeClass" is-config="true" duration-ms="5" started-at="2019-03-31T04:52:52Z" finished-at="2019-03-31T04:52:52Z">
          <reporter-output>
          </reporter-output>
        </test-method> <!-- beforeClass -->
        <test-method status="PASS" signature="beforeMethod(java.lang.reflect.Method)[pri:0, instance:com.w2a.API_Batch3.testCases.TestCreateUserAPI@37918c79]" name="beforeMethod" is-config="true" duration-ms="1" started-at="2019-03-31T04:52:52Z" finished-at="2019-03-31T04:52:52Z">
          <params>
            <param index="0">
              <value>
                <![CDATA[public void com.w2a.API_Batch3.testCases.TestCreateUserAPI.validateCreateUserAPIWithValidData(java.util.Hashtable)]]>
              </value>
            </param>
          </params>
          <reporter-output>
          </reporter-output>
        </test-method> <!-- beforeMethod -->
        <test-method status="PASS" signature="validateCreateUserAPIWithValidData(java.util.Hashtable)[pri:0, instance:com.w2a.API_Batch3.testCases.TestCreateUserAPI@37918c79]" name="validateCreateUserAPIWithValidData" duration-ms="2769" started-at="2019-03-31T04:52:52Z" data-provider="dp" finished-at="2019-03-31T04:52:55Z">
          <params>
            <param index="0">
              <value>
                <![CDATA[{name=Rahul Arora, job=Selenium Master}]]>
              </value>
            </param>
          </params>
          <reporter-output>
          </reporter-output>
        </test-method> <!-- validateCreateUserAPIWithValidData -->
        <test-method status="PASS" signature="afterMethod(org.testng.ITestResult)[pri:0, instance:com.w2a.API_Batch3.testCases.TestCreateUserAPI@37918c79]" name="afterMethod" is-config="true" duration-ms="0" started-at="2019-03-31T04:52:55Z" finished-at="2019-03-31T04:52:55Z">
          <params>
            <param index="0">
              <value>
                <![CDATA[[TestResult name=validateCreateUserAPIWithValidData status=SUCCESS method=TestCreateUserAPI.validateCreateUserAPIWithValidData(java.util.Hashtable)[pri:0, instance:com.w2a.API_Batch3.testCases.TestCreateUserAPI@37918c79] output={null}]]]>
              </value>
            </param>
          </params>
          <reporter-output>
          </reporter-output>
        </test-method> <!-- afterMethod -->
        <test-method status="PASS" signature="validateCreateUserAPIWithValidData(java.util.Hashtable)[pri:0, instance:com.w2a.API_Batch3.testCases.TestCreateUserAPI@37918c79]" name="validateCreateUserAPIWithValidData" duration-ms="832" started-at="2019-03-31T04:52:55Z" data-provider="dp" finished-at="2019-03-31T04:52:56Z">
          <params>
            <param index="0">
              <value>
                <![CDATA[{name=Deepak, job=Ui Developer}]]>
              </value>
            </param>
          </params>
          <reporter-output>
          </reporter-output>
        </test-method> <!-- validateCreateUserAPIWithValidData -->
        <test-method status="PASS" signature="beforeMethod(java.lang.reflect.Method)[pri:0, instance:com.w2a.API_Batch3.testCases.TestCreateUserAPI@37918c79]" name="beforeMethod" is-config="true" duration-ms="0" started-at="2019-03-31T04:52:55Z" finished-at="2019-03-31T04:52:55Z">
          <params>
            <param index="0">
              <value>
                <![CDATA[public void com.w2a.API_Batch3.testCases.TestCreateUserAPI.validateCreateUserAPIWithValidData(java.util.Hashtable)]]>
              </value>
            </param>
          </params>
          <reporter-output>
          </reporter-output>
        </test-method> <!-- beforeMethod -->
        <test-method status="PASS" signature="afterMethod(org.testng.ITestResult)[pri:0, instance:com.w2a.API_Batch3.testCases.TestCreateUserAPI@37918c79]" name="afterMethod" is-config="true" duration-ms="0" started-at="2019-03-31T04:52:56Z" finished-at="2019-03-31T04:52:56Z">
          <params>
            <param index="0">
              <value>
                <![CDATA[[TestResult name=validateCreateUserAPIWithValidData status=SUCCESS method=TestCreateUserAPI.validateCreateUserAPIWithValidData(java.util.Hashtable)[pri:0, instance:com.w2a.API_Batch3.testCases.TestCreateUserAPI@37918c79] output={null}]]]>
              </value>
            </param>
          </params>
          <reporter-output>
          </reporter-output>
        </test-method> <!-- afterMethod -->
        <test-method status="PASS" signature="beforeMethod(java.lang.reflect.Method)[pri:0, instance:com.w2a.API_Batch3.testCases.TestCreateUserAPI@37918c79]" name="beforeMethod" is-config="true" duration-ms="0" started-at="2019-03-31T04:52:56Z" finished-at="2019-03-31T04:52:56Z">
          <params>
            <param index="0">
              <value>
                <![CDATA[public void com.w2a.API_Batch3.testCases.TestCreateUserAPI.validateCreateUserAPIWithValidData(java.util.Hashtable)]]>
              </value>
            </param>
          </params>
          <reporter-output>
          </reporter-output>
        </test-method> <!-- beforeMethod -->
        <test-method status="PASS" signature="validateCreateUserAPIWithValidData(java.util.Hashtable)[pri:0, instance:com.w2a.API_Batch3.testCases.TestCreateUserAPI@37918c79]" name="validateCreateUserAPIWithValidData" duration-ms="823" started-at="2019-03-31T04:52:56Z" data-provider="dp" finished-at="2019-03-31T04:52:57Z">
          <params>
            <param index="0">
              <value>
                <![CDATA[{name=Anil, job=Tech Lead}]]>
              </value>
            </param>
          </params>
          <reporter-output>
          </reporter-output>
        </test-method> <!-- validateCreateUserAPIWithValidData -->
        <test-method status="PASS" signature="afterMethod(org.testng.ITestResult)[pri:0, instance:com.w2a.API_Batch3.testCases.TestCreateUserAPI@37918c79]" name="afterMethod" is-config="true" duration-ms="0" started-at="2019-03-31T04:52:57Z" finished-at="2019-03-31T04:52:57Z">
          <params>
            <param index="0">
              <value>
                <![CDATA[[TestResult name=validateCreateUserAPIWithValidData status=SUCCESS method=TestCreateUserAPI.validateCreateUserAPIWithValidData(java.util.Hashtable)[pri:0, instance:com.w2a.API_Batch3.testCases.TestCreateUserAPI@37918c79] output={null}]]]>
              </value>
            </param>
          </params>
          <reporter-output>
          </reporter-output>
        </test-method> <!-- afterMethod -->
        <test-method status="PASS" signature="afterSuite()[pri:0, instance:com.w2a.API_Batch3.testCases.TestCreateUserAPI@37918c79]" name="afterSuite" is-config="true" duration-ms="0" started-at="2019-03-31T04:52:57Z" finished-at="2019-03-31T04:52:57Z">
          <reporter-output>
          </reporter-output>
        </test-method> <!-- afterSuite -->
      </class> <!-- com.w2a.API_Batch3.testCases.TestCreateUserAPI -->
    </test> <!-- Test -->
  </suite> <!-- Suite -->
</testng-results>
