<?xml version="1.0" encoding="UTF-8"?>
<testsuite xmlns:xsi="http://www.w3.org/2001/XMLSchema-instance" xsi:noNamespaceSchemaLocation="https://maven.apache.org/surefire/maven-surefire-plugin/xsd/surefire-test-report.xsd" name="TestSuite" time="7.383" tests="3" errors="0" skipped="0" failures="0">
  <properties>
[...]
</properties>
  <testcase name="validateCreateUserAPIWithValidData" classname="com.w2a.API_Batch3.testCases.TestCreateUserAPI" time="3.703"/>
  <testcase name="validateCreateUserAPIWithValidData" classname="com.w2a.API_Batch3.testCases.TestCreateUserAPI" time="0.859"/>
  <testcase name="validateCreateUserAPIWithValidData" classname="com.w2a.API_Batch3.testCases.TestCreateUserAPI" time="0.878"/>
</testsuite>