<?xml version="1.0" encoding="UTF-8"?>
<testng-results skipped="0" failed="0" ignored="0" total="1" passed="1">
  <reporter-output>
  </reporter-output>
  <suite name="Suite" duration-ms="3450" started-at="2019-03-24T06:05:32Z" finished-at="2019-03-24T06:05:35Z">
    <groups>
    </groups>
    <test name="Test" duration-ms="3450" started-at="2019-03-24T06:05:32Z" finished-at="2019-03-24T06:05:35Z">
      <class name="com.w2a.API_Batch3.testCases.TestCreateUserAPI">
        <test-method status="PASS" signature="beforeSuite()[pri:0, instance:com.w2a.API_Batch3.testCases.TestCreateUserAPI@188715b5]" name="beforeSuite" is-config="true" duration-ms="694" started-at="2019-03-24T06:05:31Z" finished-at="2019-03-24T06:05:32Z">
          <reporter-output>
          </reporter-output>
        </test-method> <!-- beforeSuite -->
        <test-method status="PASS" signature="beforeClass()[pri:0, instance:com.w2a.API_Batch3.testCases.TestCreateUserAPI@188715b5]" name="beforeClass" is-config="true" duration-ms="5" started-at="2019-03-24T06:05:32Z" finished-at="2019-03-24T06:05:32Z">
          <reporter-output>
          </reporter-output>
        </test-method> <!-- beforeClass -->
        <test-method status="PASS" signature="beforeMethod(java.lang.reflect.Method)[pri:0, instance:com.w2a.API_Batch3.testCases.TestCreateUserAPI@188715b5]" name="beforeMethod" is-config="true" duration-ms="2" started-at="2019-03-24T06:05:32Z" finished-at="2019-03-24T06:05:32Z">
          <params>
            <param index="0">
              <value>
                <![CDATA[public void com.w2a.API_Batch3.testCases.TestCreateUserAPI.validateCreateUserAPIWithValidData(java.util.Hashtable)]]>
              </value>
            </param>
          </params>
          <reporter-output>
          </reporter-output>
        </test-method> <!-- beforeMethod -->
        <test-method status="PASS" signature="validateCreateUserAPIWithValidData(java.util.Hashtable)[pri:0, instance:com.w2a.API_Batch3.testCases.TestCreateUserAPI@188715b5]" name="validateCreateUserAPIWithValidData" duration-ms="2977" started-at="2019-03-24T06:05:32Z" data-provider="dp" finished-at="2019-03-24T06:05:35Z">
          <params>
            <param index="0">
              <value>
                <![CDATA[{name=Rahul Arora, job=Selenium Master}]]>
              </value>
            </param>
          </params>
          <reporter-output>
          </reporter-output>
        </test-method> <!-- validateCreateUserAPIWithValidData -->
        <test-method status="PASS" signature="afterMethod(org.testng.ITestResult)[pri:0, instance:com.w2a.API_Batch3.testCases.TestCreateUserAPI@188715b5]" name="afterMethod" is-config="true" duration-ms="0" started-at="2019-03-24T06:05:35Z" finished-at="2019-03-24T06:05:35Z">
          <params>
            <param index="0">
              <value>
                <![CDATA[[TestResult name=validateCreateUserAPIWithValidData status=SUCCESS method=TestCreateUserAPI.validateCreateUserAPIWithValidData(java.util.Hashtable)[pri:0, instance:com.w2a.API_Batch3.testCases.TestCreateUserAPI@188715b5] output={null}]]]>
              </value>
            </param>
          </params>
          <reporter-output>
          </reporter-output>
        </test-method> <!-- afterMethod -->
        <test-method status="PASS" signature="afterSuite()[pri:0, instance:com.w2a.API_Batch3.testCases.TestCreateUserAPI@188715b5]" name="afterSuite" is-config="true" duration-ms="1" started-at="2019-03-24T06:05:35Z" finished-at="2019-03-24T06:05:35Z">
          <reporter-output>
          </reporter-output>
        </test-method> <!-- afterSuite -->
      </class> <!-- com.w2a.API_Batch3.testCases.TestCreateUserAPI -->
    </test> <!-- Test -->
  </suite> <!-- Suite -->
</testng-results>
